[prun] Master compute host = n003
[prun] Resource manager = pbspro
[prun] Launch cmd = mpiexec.hydra -rmk pbs ./xhpl (family=mpich)
================================================================================
HPLinpack 2.2  --  High-Performance Linpack benchmark  --   February 24, 2016
Written by A. Petitet and R. Clint Whaley,  Innovative Computing Laboratory, UTK
Modified by Piotr Luszczek, Innovative Computing Laboratory, UTK
Modified by Julien Langou, University of Colorado Denver
================================================================================

An explanation of the input/output parameters follows:
T/V    : Wall time / encoded variant.
N      : The order of the coefficient matrix A.
NB     : The partitioning blocking factor.
P      : The number of process rows.
Q      : The number of process columns.
Time   : Time in seconds to solve the linear system.
Gflops : Rate of execution for solving the linear system.

The following parameter values will be used:

N      :   20000 
NB     :      96 
PMAP   : Row-major process mapping
P      :       4        5 
Q      :       6        6 
PFACT  :    Left    Crout    Right 
NBMIN  :      16 
NDIV   :       2 
RFACT  :    Left    Crout    Right 
BCAST  :  2ringM 
DEPTH  :       0 
SWAP   : Mix (threshold = 60)
L1     : transposed form
U      : transposed form
EQUIL  : yes
ALIGN  : 8 double precision words

--------------------------------------------------------------------------------

- The matrix A is randomly generated for each test.
- The following scaled residual check will be computed:
      ||Ax-b||_oo / ( eps * ( || x ||_oo * || A ||_oo + || b ||_oo ) * N )
- The relative machine precision (eps) is taken to be               1.110223e-16
- Computational tests pass if scaled residuals are less than                16.0

================================================================================
T/V                N    NB     P     Q               Time                 Gflops
--------------------------------------------------------------------------------
WR03L2L16       20000    96     4     6              15.74              3.389e+02
HPL_pdgesv() start time Fri Jul  5 17:35:06 2019

HPL_pdgesv() end time   Fri Jul  5 17:35:22 2019

--------------------------------------------------------------------------------
||Ax-b||_oo/(eps*(||A||_oo*||x||_oo+||b||_oo)*N)=        0.0014921 ...... PASSED
================================================================================
T/V                N    NB     P     Q               Time                 Gflops
--------------------------------------------------------------------------------
WR03L2C16       20000    96     4     6              15.93              3.348e+02
HPL_pdgesv() start time Fri Jul  5 17:35:23 2019

HPL_pdgesv() end time   Fri Jul  5 17:35:39 2019

--------------------------------------------------------------------------------
||Ax-b||_oo/(eps*(||A||_oo*||x||_oo+||b||_oo)*N)=        0.0015204 ...... PASSED
================================================================================
T/V                N    NB     P     Q               Time                 Gflops
--------------------------------------------------------------------------------
WR03L2R16       20000    96     4     6              16.17              3.300e+02
HPL_pdgesv() start time Fri Jul  5 17:35:40 2019

HPL_pdgesv() end time   Fri Jul  5 17:35:56 2019

--------------------------------------------------------------------------------
||Ax-b||_oo/(eps*(||A||_oo*||x||_oo+||b||_oo)*N)=        0.0016865 ...... PASSED
================================================================================
T/V                N    NB     P     Q               Time                 Gflops
--------------------------------------------------------------------------------
WR03C2L16       20000    96     4     6              16.38              3.256e+02
HPL_pdgesv() start time Fri Jul  5 17:35:58 2019

HPL_pdgesv() end time   Fri Jul  5 17:36:14 2019

--------------------------------------------------------------------------------
||Ax-b||_oo/(eps*(||A||_oo*||x||_oo+||b||_oo)*N)=        0.0014921 ...... PASSED
================================================================================
T/V                N    NB     P     Q               Time                 Gflops
--------------------------------------------------------------------------------
WR03C2C16       20000    96     4     6              16.41              3.250e+02
HPL_pdgesv() start time Fri Jul  5 17:36:15 2019

HPL_pdgesv() end time   Fri Jul  5 17:36:31 2019

--------------------------------------------------------------------------------
||Ax-b||_oo/(eps*(||A||_oo*||x||_oo+||b||_oo)*N)=        0.0015204 ...... PASSED
================================================================================
T/V                N    NB     P     Q               Time                 Gflops
--------------------------------------------------------------------------------
WR03C2R16       20000    96     4     6              16.48              3.237e+02
HPL_pdgesv() start time Fri Jul  5 17:36:33 2019

HPL_pdgesv() end time   Fri Jul  5 17:36:49 2019

--------------------------------------------------------------------------------
||Ax-b||_oo/(eps*(||A||_oo*||x||_oo+||b||_oo)*N)=        0.0016865 ...... PASSED
================================================================================
T/V                N    NB     P     Q               Time                 Gflops
--------------------------------------------------------------------------------
WR03R2L16       20000    96     4     6              16.78              3.179e+02
HPL_pdgesv() start time Fri Jul  5 17:36:50 2019

HPL_pdgesv() end time   Fri Jul  5 17:37:07 2019

--------------------------------------------------------------------------------
||Ax-b||_oo/(eps*(||A||_oo*||x||_oo+||b||_oo)*N)=        0.0014921 ...... PASSED
================================================================================
T/V                N    NB     P     Q               Time                 Gflops
--------------------------------------------------------------------------------
WR03R2C16       20000    96     4     6              16.18              3.296e+02
HPL_pdgesv() start time Fri Jul  5 17:37:08 2019

HPL_pdgesv() end time   Fri Jul  5 17:37:25 2019

--------------------------------------------------------------------------------
||Ax-b||_oo/(eps*(||A||_oo*||x||_oo+||b||_oo)*N)=        0.0015204 ...... PASSED
================================================================================
T/V                N    NB     P     Q               Time                 Gflops
--------------------------------------------------------------------------------
WR03R2R16       20000    96     4     6              16.55              3.223e+02
HPL_pdgesv() start time Fri Jul  5 17:37:26 2019

HPL_pdgesv() end time   Fri Jul  5 17:37:42 2019

--------------------------------------------------------------------------------
||Ax-b||_oo/(eps*(||A||_oo*||x||_oo+||b||_oo)*N)=        0.0016865 ...... PASSED
================================================================================
T/V                N    NB     P     Q               Time                 Gflops
--------------------------------------------------------------------------------
WR03L2L16       20000    96     5     6              15.06              3.541e+02
HPL_pdgesv() start time Fri Jul  5 17:37:43 2019

HPL_pdgesv() end time   Fri Jul  5 17:37:58 2019

--------------------------------------------------------------------------------
||Ax-b||_oo/(eps*(||A||_oo*||x||_oo+||b||_oo)*N)=        0.0014110 ...... PASSED
================================================================================
T/V                N    NB     P     Q               Time                 Gflops
--------------------------------------------------------------------------------
WR03L2C16       20000    96     5     6              15.01              3.553e+02
HPL_pdgesv() start time Fri Jul  5 17:37:59 2019

HPL_pdgesv() end time   Fri Jul  5 17:38:14 2019

--------------------------------------------------------------------------------
||Ax-b||_oo/(eps*(||A||_oo*||x||_oo+||b||_oo)*N)=        0.0014907 ...... PASSED
================================================================================
T/V                N    NB     P     Q               Time                 Gflops
--------------------------------------------------------------------------------
WR03L2R16       20000    96     5     6              15.14              3.524e+02
HPL_pdgesv() start time Fri Jul  5 17:38:15 2019

HPL_pdgesv() end time   Fri Jul  5 17:38:30 2019

--------------------------------------------------------------------------------
||Ax-b||_oo/(eps*(||A||_oo*||x||_oo+||b||_oo)*N)=        0.0014676 ...... PASSED
================================================================================
T/V                N    NB     P     Q               Time                 Gflops
--------------------------------------------------------------------------------
WR03C2L16       20000    96     5     6              15.56              3.429e+02
HPL_pdgesv() start time Fri Jul  5 17:38:31 2019

HPL_pdgesv() end time   Fri Jul  5 17:38:47 2019

--------------------------------------------------------------------------------
||Ax-b||_oo/(eps*(||A||_oo*||x||_oo+||b||_oo)*N)=        0.0014110 ...... PASSED
================================================================================
T/V                N    NB     P     Q               Time                 Gflops
--------------------------------------------------------------------------------
WR03C2C16       20000    96     5     6              15.38              3.469e+02
HPL_pdgesv() start time Fri Jul  5 17:38:48 2019

HPL_pdgesv() end time   Fri Jul  5 17:39:03 2019

--------------------------------------------------------------------------------
||Ax-b||_oo/(eps*(||A||_oo*||x||_oo+||b||_oo)*N)=        0.0014907 ...... PASSED
================================================================================
T/V                N    NB     P     Q               Time                 Gflops
--------------------------------------------------------------------------------
WR03C2R16       20000    96     5     6              15.49              3.443e+02
HPL_pdgesv() start time Fri Jul  5 17:39:04 2019

HPL_pdgesv() end time   Fri Jul  5 17:39:19 2019

--------------------------------------------------------------------------------
||Ax-b||_oo/(eps*(||A||_oo*||x||_oo+||b||_oo)*N)=        0.0014676 ...... PASSED
================================================================================
T/V                N    NB     P     Q               Time                 Gflops
--------------------------------------------------------------------------------
WR03R2L16       20000    96     5     6              15.26              3.494e+02
HPL_pdgesv() start time Fri Jul  5 17:39:20 2019

HPL_pdgesv() end time   Fri Jul  5 17:39:36 2019

--------------------------------------------------------------------------------
||Ax-b||_oo/(eps*(||A||_oo*||x||_oo+||b||_oo)*N)=        0.0014110 ...... PASSED
================================================================================
T/V                N    NB     P     Q               Time                 Gflops
--------------------------------------------------------------------------------
WR03R2C16       20000    96     5     6              15.49              3.444e+02
HPL_pdgesv() start time Fri Jul  5 17:39:37 2019

HPL_pdgesv() end time   Fri Jul  5 17:39:52 2019

--------------------------------------------------------------------------------
||Ax-b||_oo/(eps*(||A||_oo*||x||_oo+||b||_oo)*N)=        0.0014907 ...... PASSED
================================================================================
T/V                N    NB     P     Q               Time                 Gflops
--------------------------------------------------------------------------------
WR03R2R16       20000    96     5     6              15.11              3.530e+02
HPL_pdgesv() start time Fri Jul  5 17:39:53 2019

HPL_pdgesv() end time   Fri Jul  5 17:40:08 2019

--------------------------------------------------------------------------------
||Ax-b||_oo/(eps*(||A||_oo*||x||_oo+||b||_oo)*N)=        0.0014676 ...... PASSED
================================================================================

Finished     18 tests with the following results:
             18 tests completed and passed residual checks,
              0 tests completed and failed residual checks,
              0 tests skipped because of illegal input values.
--------------------------------------------------------------------------------

End of Tests.
================================================================================
