[prun] Master compute host = n001
[prun] Resource manager = pbspro
[prun] Launch cmd = mpiexec.hydra -rmk pbs ./xhpl (family=mpich)
================================================================================
HPLinpack 2.2  --  High-Performance Linpack benchmark  --   February 24, 2016
Written by A. Petitet and R. Clint Whaley,  Innovative Computing Laboratory, UTK
Modified by Piotr Luszczek, Innovative Computing Laboratory, UTK
Modified by Julien Langou, University of Colorado Denver
================================================================================

An explanation of the input/output parameters follows:
T/V    : Wall time / encoded variant.
N      : The order of the coefficient matrix A.
NB     : The partitioning blocking factor.
P      : The number of process rows.
Q      : The number of process columns.
Time   : Time in seconds to solve the linear system.
Gflops : Rate of execution for solving the linear system.

The following parameter values will be used:

N      :   50000    60000    80000   100000   120000   140000   160000 
NB     :     192 
PMAP   : Row-major process mapping
P      :       4        5        4 
Q      :       6        6        8 
PFACT  :    Left    Crout    Right 
NBMIN  :       4        8 
NDIV   :       2 
RFACT  :    Left    Crout    Right 
BCAST  :  1ringM   2ringM 
DEPTH  :       0        1 
SWAP   : Mix (threshold = 60)
L1     : transposed form
U      : transposed form
EQUIL  : yes
ALIGN  : 8 double precision words

--------------------------------------------------------------------------------

- The matrix A is randomly generated for each test.
- The following scaled residual check will be computed:
      ||Ax-b||_oo / ( eps * ( || x ||_oo * || A ||_oo + || b ||_oo ) * N )
- The relative machine precision (eps) is taken to be               1.110223e-16
- Computational tests pass if scaled residuals are less than                16.0

================================================================================
T/V                N    NB     P     Q               Time                 Gflops
--------------------------------------------------------------------------------
WR01L2L4       50000   192     4     6             205.40              4.057e+02
HPL_pdgesv() start time Fri Jul  5 10:06:43 2019

HPL_pdgesv() end time   Fri Jul  5 10:10:08 2019

--------------------------------------------------------------------------------
||Ax-b||_oo/(eps*(||A||_oo*||x||_oo+||b||_oo)*N)=        0.0014498 ...... PASSED
================================================================================
T/V                N    NB     P     Q               Time                 Gflops
--------------------------------------------------------------------------------
WR01L2L8       50000   192     4     6             203.12              4.103e+02
HPL_pdgesv() start time Fri Jul  5 10:10:26 2019

HPL_pdgesv() end time   Fri Jul  5 10:13:49 2019

--------------------------------------------------------------------------------
||Ax-b||_oo/(eps*(||A||_oo*||x||_oo+||b||_oo)*N)=        0.0014654 ...... PASSED
================================================================================
T/V                N    NB     P     Q               Time                 Gflops
--------------------------------------------------------------------------------
WR01L2C4       50000   192     4     6             202.66              4.112e+02
HPL_pdgesv() start time Fri Jul  5 10:14:06 2019

HPL_pdgesv() end time   Fri Jul  5 10:17:29 2019

--------------------------------------------------------------------------------
||Ax-b||_oo/(eps*(||A||_oo*||x||_oo+||b||_oo)*N)=        0.0014498 ...... PASSED
================================================================================
T/V                N    NB     P     Q               Time                 Gflops
--------------------------------------------------------------------------------
WR01L2C8       50000   192     4     6             205.50              4.055e+02
HPL_pdgesv() start time Fri Jul  5 10:17:46 2019

HPL_pdgesv() end time   Fri Jul  5 10:21:11 2019

--------------------------------------------------------------------------------
||Ax-b||_oo/(eps*(||A||_oo*||x||_oo+||b||_oo)*N)=        0.0014533 ...... PASSED
================================================================================
T/V                N    NB     P     Q               Time                 Gflops
--------------------------------------------------------------------------------
WR01L2R4       50000   192     4     6             205.90              4.048e+02
HPL_pdgesv() start time Fri Jul  5 10:21:27 2019

HPL_pdgesv() end time   Fri Jul  5 10:24:53 2019

--------------------------------------------------------------------------------
||Ax-b||_oo/(eps*(||A||_oo*||x||_oo+||b||_oo)*N)=        0.0013060 ...... PASSED
================================================================================
T/V                N    NB     P     Q               Time                 Gflops
--------------------------------------------------------------------------------
WR01L2R8       50000   192     4     6             204.07              4.084e+02
HPL_pdgesv() start time Fri Jul  5 10:25:10 2019

HPL_pdgesv() end time   Fri Jul  5 10:28:34 2019

--------------------------------------------------------------------------------
||Ax-b||_oo/(eps*(||A||_oo*||x||_oo+||b||_oo)*N)=        0.0014060 ...... PASSED
================================================================================
T/V                N    NB     P     Q               Time                 Gflops
--------------------------------------------------------------------------------
WR01C2L4       50000   192     4     6             204.20              4.081e+02
HPL_pdgesv() start time Fri Jul  5 10:28:51 2019

HPL_pdgesv() end time   Fri Jul  5 10:32:15 2019

--------------------------------------------------------------------------------
||Ax-b||_oo/(eps*(||A||_oo*||x||_oo+||b||_oo)*N)=        0.0014498 ...... PASSED
================================================================================
T/V                N    NB     P     Q               Time                 Gflops
--------------------------------------------------------------------------------
WR01C2L8       50000   192     4     6             205.02              4.065e+02
HPL_pdgesv() start time Fri Jul  5 10:32:32 2019

HPL_pdgesv() end time   Fri Jul  5 10:35:57 2019

--------------------------------------------------------------------------------
||Ax-b||_oo/(eps*(||A||_oo*||x||_oo+||b||_oo)*N)=        0.0014654 ...... PASSED
================================================================================
T/V                N    NB     P     Q               Time                 Gflops
--------------------------------------------------------------------------------
WR01C2C4       50000   192     4     6             203.37              4.098e+02
HPL_pdgesv() start time Fri Jul  5 10:36:13 2019

HPL_pdgesv() end time   Fri Jul  5 10:39:36 2019

--------------------------------------------------------------------------------
||Ax-b||_oo/(eps*(||A||_oo*||x||_oo+||b||_oo)*N)=        0.0014498 ...... PASSED
================================================================================
T/V                N    NB     P     Q               Time                 Gflops
--------------------------------------------------------------------------------
WR01C2C8       50000   192     4     6             203.81              4.089e+02
HPL_pdgesv() start time Fri Jul  5 10:39:53 2019

HPL_pdgesv() end time   Fri Jul  5 10:43:17 2019

--------------------------------------------------------------------------------
||Ax-b||_oo/(eps*(||A||_oo*||x||_oo+||b||_oo)*N)=        0.0014533 ...... PASSED
================================================================================
T/V                N    NB     P     Q               Time                 Gflops
--------------------------------------------------------------------------------
WR01C2R4       50000   192     4     6             202.72              4.111e+02
HPL_pdgesv() start time Fri Jul  5 10:43:34 2019

HPL_pdgesv() end time   Fri Jul  5 10:46:56 2019

--------------------------------------------------------------------------------
||Ax-b||_oo/(eps*(||A||_oo*||x||_oo+||b||_oo)*N)=        0.0013060 ...... PASSED
================================================================================
T/V                N    NB     P     Q               Time                 Gflops
--------------------------------------------------------------------------------
WR01C2R8       50000   192     4     6             203.30              4.099e+02
HPL_pdgesv() start time Fri Jul  5 10:47:14 2019

HPL_pdgesv() end time   Fri Jul  5 10:50:37 2019

--------------------------------------------------------------------------------
||Ax-b||_oo/(eps*(||A||_oo*||x||_oo+||b||_oo)*N)=        0.0014060 ...... PASSED
================================================================================
T/V                N    NB     P     Q               Time                 Gflops
--------------------------------------------------------------------------------
WR01R2L4       50000   192     4     6             205.74              4.051e+02
HPL_pdgesv() start time Fri Jul  5 10:50:53 2019

HPL_pdgesv() end time   Fri Jul  5 10:54:19 2019

--------------------------------------------------------------------------------
||Ax-b||_oo/(eps*(||A||_oo*||x||_oo+||b||_oo)*N)=        0.0014498 ...... PASSED
================================================================================
T/V                N    NB     P     Q               Time                 Gflops
--------------------------------------------------------------------------------
WR01R2L8       50000   192     4     6             202.23              4.121e+02
HPL_pdgesv() start time Fri Jul  5 10:54:36 2019

HPL_pdgesv() end time   Fri Jul  5 10:57:58 2019

--------------------------------------------------------------------------------
||Ax-b||_oo/(eps*(||A||_oo*||x||_oo+||b||_oo)*N)=        0.0014654 ...... PASSED
================================================================================
T/V                N    NB     P     Q               Time                 Gflops
--------------------------------------------------------------------------------
WR01R2C4       50000   192     4     6             204.94              4.066e+02
HPL_pdgesv() start time Fri Jul  5 10:58:15 2019

HPL_pdgesv() end time   Fri Jul  5 11:01:40 2019

--------------------------------------------------------------------------------
||Ax-b||_oo/(eps*(||A||_oo*||x||_oo+||b||_oo)*N)=        0.0014498 ...... PASSED
================================================================================
T/V                N    NB     P     Q               Time                 Gflops
--------------------------------------------------------------------------------
WR01R2C8       50000   192     4     6             202.96              4.106e+02
HPL_pdgesv() start time Fri Jul  5 11:01:57 2019

HPL_pdgesv() end time   Fri Jul  5 11:05:20 2019

--------------------------------------------------------------------------------
||Ax-b||_oo/(eps*(||A||_oo*||x||_oo+||b||_oo)*N)=        0.0014533 ...... PASSED
================================================================================
T/V                N    NB     P     Q               Time                 Gflops
--------------------------------------------------------------------------------
WR01R2R4       50000   192     4     6             200.27              4.161e+02
HPL_pdgesv() start time Fri Jul  5 11:05:37 2019

HPL_pdgesv() end time   Fri Jul  5 11:08:58 2019

--------------------------------------------------------------------------------
||Ax-b||_oo/(eps*(||A||_oo*||x||_oo+||b||_oo)*N)=        0.0013060 ...... PASSED
================================================================================
T/V                N    NB     P     Q               Time                 Gflops
--------------------------------------------------------------------------------
WR01R2R8       50000   192     4     6             203.77              4.090e+02
HPL_pdgesv() start time Fri Jul  5 11:09:15 2019

HPL_pdgesv() end time   Fri Jul  5 11:12:39 2019

--------------------------------------------------------------------------------
||Ax-b||_oo/(eps*(||A||_oo*||x||_oo+||b||_oo)*N)=        0.0014060 ...... PASSED
================================================================================
T/V                N    NB     P     Q               Time                 Gflops
--------------------------------------------------------------------------------
WR03L2L4       50000   192     4     6             201.38              4.138e+02
HPL_pdgesv() start time Fri Jul  5 11:12:55 2019

HPL_pdgesv() end time   Fri Jul  5 11:16:16 2019

--------------------------------------------------------------------------------
||Ax-b||_oo/(eps*(||A||_oo*||x||_oo+||b||_oo)*N)=        0.0014498 ...... PASSED
================================================================================
T/V                N    NB     P     Q               Time                 Gflops
--------------------------------------------------------------------------------
WR03L2L8       50000   192     4     6             200.03              4.166e+02
HPL_pdgesv() start time Fri Jul  5 11:16:34 2019

HPL_pdgesv() end time   Fri Jul  5 11:19:54 2019

--------------------------------------------------------------------------------
||Ax-b||_oo/(eps*(||A||_oo*||x||_oo+||b||_oo)*N)=        0.0014654 ...... PASSED
================================================================================
T/V                N    NB     P     Q               Time                 Gflops
--------------------------------------------------------------------------------
WR03L2C4       50000   192     4     6             201.27              4.141e+02
HPL_pdgesv() start time Fri Jul  5 11:20:10 2019

HPL_pdgesv() end time   Fri Jul  5 11:23:31 2019

--------------------------------------------------------------------------------
||Ax-b||_oo/(eps*(||A||_oo*||x||_oo+||b||_oo)*N)=        0.0014498 ...... PASSED
================================================================================
T/V                N    NB     P     Q               Time                 Gflops
--------------------------------------------------------------------------------
WR03L2C8       50000   192     4     6             201.22              4.142e+02
HPL_pdgesv() start time Fri Jul  5 11:23:48 2019

HPL_pdgesv() end time   Fri Jul  5 11:27:09 2019

--------------------------------------------------------------------------------
||Ax-b||_oo/(eps*(||A||_oo*||x||_oo+||b||_oo)*N)=        0.0014533 ...... PASSED
================================================================================
T/V                N    NB     P     Q               Time                 Gflops
--------------------------------------------------------------------------------
WR03L2R4       50000   192     4     6             200.99              4.146e+02
HPL_pdgesv() start time Fri Jul  5 11:27:26 2019

HPL_pdgesv() end time   Fri Jul  5 11:30:47 2019

--------------------------------------------------------------------------------
||Ax-b||_oo/(eps*(||A||_oo*||x||_oo+||b||_oo)*N)=        0.0013060 ...... PASSED
================================================================================
T/V                N    NB     P     Q               Time                 Gflops
--------------------------------------------------------------------------------
WR03L2R8       50000   192     4     6             199.73              4.172e+02
HPL_pdgesv() start time Fri Jul  5 11:31:05 2019

HPL_pdgesv() end time   Fri Jul  5 11:34:25 2019

--------------------------------------------------------------------------------
||Ax-b||_oo/(eps*(||A||_oo*||x||_oo+||b||_oo)*N)=        0.0014060 ...... PASSED
================================================================================
T/V                N    NB     P     Q               Time                 Gflops
--------------------------------------------------------------------------------
WR03C2L4       50000   192     4     6             200.33              4.160e+02
HPL_pdgesv() start time Fri Jul  5 11:34:43 2019

HPL_pdgesv() end time   Fri Jul  5 11:38:03 2019

--------------------------------------------------------------------------------
||Ax-b||_oo/(eps*(||A||_oo*||x||_oo+||b||_oo)*N)=        0.0014498 ...... PASSED
================================================================================
T/V                N    NB     P     Q               Time                 Gflops
--------------------------------------------------------------------------------
WR03C2L8       50000   192     4     6             200.10              4.165e+02
HPL_pdgesv() start time Fri Jul  5 11:38:20 2019

HPL_pdgesv() end time   Fri Jul  5 11:41:40 2019

--------------------------------------------------------------------------------
||Ax-b||_oo/(eps*(||A||_oo*||x||_oo+||b||_oo)*N)=        0.0014654 ...... PASSED
================================================================================
T/V                N    NB     P     Q               Time                 Gflops
--------------------------------------------------------------------------------
WR03C2C4       50000   192     4     6             201.45              4.137e+02
HPL_pdgesv() start time Fri Jul  5 11:41:57 2019

HPL_pdgesv() end time   Fri Jul  5 11:45:18 2019

--------------------------------------------------------------------------------
||Ax-b||_oo/(eps*(||A||_oo*||x||_oo+||b||_oo)*N)=        0.0014498 ...... PASSED
================================================================================
T/V                N    NB     P     Q               Time                 Gflops
--------------------------------------------------------------------------------
WR03C2C8       50000   192     4     6             203.19              4.101e+02
HPL_pdgesv() start time Fri Jul  5 11:45:35 2019

HPL_pdgesv() end time   Fri Jul  5 11:48:58 2019

--------------------------------------------------------------------------------
||Ax-b||_oo/(eps*(||A||_oo*||x||_oo+||b||_oo)*N)=        0.0014533 ...... PASSED
================================================================================
T/V                N    NB     P     Q               Time                 Gflops
--------------------------------------------------------------------------------
WR03C2R4       50000   192     4     6             200.57              4.155e+02
HPL_pdgesv() start time Fri Jul  5 11:49:15 2019

HPL_pdgesv() end time   Fri Jul  5 11:52:36 2019

--------------------------------------------------------------------------------
||Ax-b||_oo/(eps*(||A||_oo*||x||_oo+||b||_oo)*N)=        0.0013060 ...... PASSED
================================================================================
T/V                N    NB     P     Q               Time                 Gflops
--------------------------------------------------------------------------------
WR03C2R8       50000   192     4     6             201.75              4.131e+02
HPL_pdgesv() start time Fri Jul  5 11:52:52 2019

HPL_pdgesv() end time   Fri Jul  5 11:56:14 2019

--------------------------------------------------------------------------------
||Ax-b||_oo/(eps*(||A||_oo*||x||_oo+||b||_oo)*N)=        0.0014060 ...... PASSED
================================================================================
T/V                N    NB     P     Q               Time                 Gflops
--------------------------------------------------------------------------------
WR03R2L4       50000   192     4     6             207.56              4.015e+02
HPL_pdgesv() start time Fri Jul  5 11:56:31 2019

HPL_pdgesv() end time   Fri Jul  5 11:59:59 2019

--------------------------------------------------------------------------------
||Ax-b||_oo/(eps*(||A||_oo*||x||_oo+||b||_oo)*N)=        0.0014498 ...... PASSED
================================================================================
T/V                N    NB     P     Q               Time                 Gflops
--------------------------------------------------------------------------------
WR03R2L8       50000   192     4     6             203.86              4.088e+02
HPL_pdgesv() start time Fri Jul  5 12:00:15 2019

HPL_pdgesv() end time   Fri Jul  5 12:03:39 2019

--------------------------------------------------------------------------------
||Ax-b||_oo/(eps*(||A||_oo*||x||_oo+||b||_oo)*N)=        0.0014654 ...... PASSED
================================================================================
T/V                N    NB     P     Q               Time                 Gflops
--------------------------------------------------------------------------------
WR03R2C4       50000   192     4     6             203.43              4.097e+02
HPL_pdgesv() start time Fri Jul  5 12:03:56 2019

HPL_pdgesv() end time   Fri Jul  5 12:07:19 2019

--------------------------------------------------------------------------------
||Ax-b||_oo/(eps*(||A||_oo*||x||_oo+||b||_oo)*N)=        0.0014498 ...... PASSED
================================================================================
T/V                N    NB     P     Q               Time                 Gflops
--------------------------------------------------------------------------------
WR03R2C8       50000   192     4     6             201.90              4.128e+02
HPL_pdgesv() start time Fri Jul  5 12:07:36 2019

HPL_pdgesv() end time   Fri Jul  5 12:10:58 2019

--------------------------------------------------------------------------------
||Ax-b||_oo/(eps*(||A||_oo*||x||_oo+||b||_oo)*N)=        0.0014533 ...... PASSED
================================================================================
T/V                N    NB     P     Q               Time                 Gflops
--------------------------------------------------------------------------------
WR03R2R4       50000   192     4     6             203.05              4.104e+02
HPL_pdgesv() start time Fri Jul  5 12:11:15 2019

HPL_pdgesv() end time   Fri Jul  5 12:14:38 2019

--------------------------------------------------------------------------------
||Ax-b||_oo/(eps*(||A||_oo*||x||_oo+||b||_oo)*N)=        0.0013060 ...... PASSED
================================================================================
T/V                N    NB     P     Q               Time                 Gflops
--------------------------------------------------------------------------------
WR03R2R8       50000   192     4     6             202.95              4.106e+02
HPL_pdgesv() start time Fri Jul  5 12:14:55 2019

HPL_pdgesv() end time   Fri Jul  5 12:18:18 2019

--------------------------------------------------------------------------------
||Ax-b||_oo/(eps*(||A||_oo*||x||_oo+||b||_oo)*N)=        0.0014060 ...... PASSED
================================================================================
T/V                N    NB     P     Q               Time                 Gflops
--------------------------------------------------------------------------------
WR11L2L4       50000   192     4     6             199.31              4.181e+02
HPL_pdgesv() start time Fri Jul  5 12:18:35 2019

HPL_pdgesv() end time   Fri Jul  5 12:21:54 2019

--------------------------------------------------------------------------------
||Ax-b||_oo/(eps*(||A||_oo*||x||_oo+||b||_oo)*N)=        0.0014498 ...... PASSED
================================================================================
T/V                N    NB     P     Q               Time                 Gflops
--------------------------------------------------------------------------------
WR11L2L8       50000   192     4     6             199.51              4.177e+02
HPL_pdgesv() start time Fri Jul  5 12:22:11 2019

HPL_pdgesv() end time   Fri Jul  5 12:25:31 2019

--------------------------------------------------------------------------------
||Ax-b||_oo/(eps*(||A||_oo*||x||_oo+||b||_oo)*N)=        0.0014654 ...... PASSED
================================================================================
T/V                N    NB     P     Q               Time                 Gflops
--------------------------------------------------------------------------------
WR11L2C4       50000   192     4     6             199.27              4.182e+02
HPL_pdgesv() start time Fri Jul  5 12:25:48 2019

HPL_pdgesv() end time   Fri Jul  5 12:29:07 2019

--------------------------------------------------------------------------------
||Ax-b||_oo/(eps*(||A||_oo*||x||_oo+||b||_oo)*N)=        0.0014498 ...... PASSED
================================================================================
T/V                N    NB     P     Q               Time                 Gflops
--------------------------------------------------------------------------------
WR11L2C8       50000   192     4     6             202.66              4.112e+02
HPL_pdgesv() start time Fri Jul  5 12:29:24 2019

HPL_pdgesv() end time   Fri Jul  5 12:32:46 2019

--------------------------------------------------------------------------------
||Ax-b||_oo/(eps*(||A||_oo*||x||_oo+||b||_oo)*N)=        0.0014533 ...... PASSED
================================================================================
T/V                N    NB     P     Q               Time                 Gflops
--------------------------------------------------------------------------------
WR11L2R4       50000   192     4     6             199.11              4.185e+02
HPL_pdgesv() start time Fri Jul  5 12:33:03 2019

HPL_pdgesv() end time   Fri Jul  5 12:36:23 2019

--------------------------------------------------------------------------------
||Ax-b||_oo/(eps*(||A||_oo*||x||_oo+||b||_oo)*N)=        0.0013060 ...... PASSED
================================================================================
T/V                N    NB     P     Q               Time                 Gflops
--------------------------------------------------------------------------------
WR11L2R8       50000   192     4     6             199.08              4.186e+02
HPL_pdgesv() start time Fri Jul  5 12:36:39 2019

HPL_pdgesv() end time   Fri Jul  5 12:39:58 2019

--------------------------------------------------------------------------------
||Ax-b||_oo/(eps*(||A||_oo*||x||_oo+||b||_oo)*N)=        0.0014060 ...... PASSED
================================================================================
T/V                N    NB     P     Q               Time                 Gflops
--------------------------------------------------------------------------------
WR11C2L4       50000   192     4     6             202.63              4.113e+02
HPL_pdgesv() start time Fri Jul  5 12:40:15 2019

HPL_pdgesv() end time   Fri Jul  5 12:43:37 2019

--------------------------------------------------------------------------------
||Ax-b||_oo/(eps*(||A||_oo*||x||_oo+||b||_oo)*N)=        0.0014498 ...... PASSED
================================================================================
T/V                N    NB     P     Q               Time                 Gflops
--------------------------------------------------------------------------------
WR11C2L8       50000   192     4     6             200.64              4.153e+02
HPL_pdgesv() start time Fri Jul  5 12:43:54 2019

HPL_pdgesv() end time   Fri Jul  5 12:47:15 2019

--------------------------------------------------------------------------------
||Ax-b||_oo/(eps*(||A||_oo*||x||_oo+||b||_oo)*N)=        0.0014654 ...... PASSED
================================================================================
T/V                N    NB     P     Q               Time                 Gflops
--------------------------------------------------------------------------------
WR11C2C4       50000   192     4     6             202.25              4.121e+02
HPL_pdgesv() start time Fri Jul  5 12:47:32 2019

HPL_pdgesv() end time   Fri Jul  5 12:50:54 2019

--------------------------------------------------------------------------------
||Ax-b||_oo/(eps*(||A||_oo*||x||_oo+||b||_oo)*N)=        0.0014498 ...... PASSED
================================================================================
T/V                N    NB     P     Q               Time                 Gflops
--------------------------------------------------------------------------------
WR11C2C8       50000   192     4     6             202.43              4.117e+02
HPL_pdgesv() start time Fri Jul  5 12:51:11 2019

HPL_pdgesv() end time   Fri Jul  5 12:54:33 2019

--------------------------------------------------------------------------------
||Ax-b||_oo/(eps*(||A||_oo*||x||_oo+||b||_oo)*N)=        0.0014533 ...... PASSED
================================================================================
T/V                N    NB     P     Q               Time                 Gflops
--------------------------------------------------------------------------------
WR11C2R4       50000   192     4     6             202.17              4.122e+02
HPL_pdgesv() start time Fri Jul  5 12:54:50 2019

HPL_pdgesv() end time   Fri Jul  5 12:58:13 2019

--------------------------------------------------------------------------------
||Ax-b||_oo/(eps*(||A||_oo*||x||_oo+||b||_oo)*N)=        0.0013060 ...... PASSED
================================================================================
T/V                N    NB     P     Q               Time                 Gflops
--------------------------------------------------------------------------------
WR11C2R8       50000   192     4     6             202.39              4.118e+02
HPL_pdgesv() start time Fri Jul  5 12:58:29 2019

HPL_pdgesv() end time   Fri Jul  5 13:01:51 2019

--------------------------------------------------------------------------------
||Ax-b||_oo/(eps*(||A||_oo*||x||_oo+||b||_oo)*N)=        0.0014060 ...... PASSED
================================================================================
T/V                N    NB     P     Q               Time                 Gflops
--------------------------------------------------------------------------------
WR11R2L4       50000   192     4     6             204.01              4.085e+02
HPL_pdgesv() start time Fri Jul  5 13:02:08 2019

HPL_pdgesv() end time   Fri Jul  5 13:05:32 2019

--------------------------------------------------------------------------------
||Ax-b||_oo/(eps*(||A||_oo*||x||_oo+||b||_oo)*N)=        0.0014498 ...... PASSED
================================================================================
T/V                N    NB     P     Q               Time                 Gflops
--------------------------------------------------------------------------------
WR11R2L8       50000   192     4     6             203.69              4.091e+02
HPL_pdgesv() start time Fri Jul  5 13:05:48 2019

HPL_pdgesv() end time   Fri Jul  5 13:09:12 2019

--------------------------------------------------------------------------------
||Ax-b||_oo/(eps*(||A||_oo*||x||_oo+||b||_oo)*N)=        0.0014654 ...... PASSED
================================================================================
T/V                N    NB     P     Q               Time                 Gflops
--------------------------------------------------------------------------------
WR11R2C4       50000   192     4     6             203.63              4.092e+02
HPL_pdgesv() start time Fri Jul  5 13:09:29 2019

HPL_pdgesv() end time   Fri Jul  5 13:12:53 2019

--------------------------------------------------------------------------------
||Ax-b||_oo/(eps*(||A||_oo*||x||_oo+||b||_oo)*N)=        0.0014498 ...... PASSED
================================================================================
T/V                N    NB     P     Q               Time                 Gflops
--------------------------------------------------------------------------------
WR11R2C8       50000   192     4     6             203.15              4.102e+02
HPL_pdgesv() start time Fri Jul  5 13:13:10 2019

HPL_pdgesv() end time   Fri Jul  5 13:16:33 2019

--------------------------------------------------------------------------------
||Ax-b||_oo/(eps*(||A||_oo*||x||_oo+||b||_oo)*N)=        0.0014533 ...... PASSED
================================================================================
T/V                N    NB     P     Q               Time                 Gflops
--------------------------------------------------------------------------------
WR11R2R4       50000   192     4     6             202.55              4.114e+02
HPL_pdgesv() start time Fri Jul  5 13:16:50 2019

HPL_pdgesv() end time   Fri Jul  5 13:20:12 2019

--------------------------------------------------------------------------------
||Ax-b||_oo/(eps*(||A||_oo*||x||_oo+||b||_oo)*N)=        0.0013060 ...... PASSED
================================================================================
T/V                N    NB     P     Q               Time                 Gflops
--------------------------------------------------------------------------------
WR11R2R8       50000   192     4     6             201.64              4.133e+02
HPL_pdgesv() start time Fri Jul  5 13:20:29 2019

HPL_pdgesv() end time   Fri Jul  5 13:23:51 2019

--------------------------------------------------------------------------------
||Ax-b||_oo/(eps*(||A||_oo*||x||_oo+||b||_oo)*N)=        0.0014060 ...... PASSED
================================================================================
T/V                N    NB     P     Q               Time                 Gflops
--------------------------------------------------------------------------------
WR13L2L4       50000   192     4     6             199.07              4.186e+02
HPL_pdgesv() start time Fri Jul  5 13:24:07 2019

HPL_pdgesv() end time   Fri Jul  5 13:27:26 2019

--------------------------------------------------------------------------------
||Ax-b||_oo/(eps*(||A||_oo*||x||_oo+||b||_oo)*N)=        0.0014498 ...... PASSED
================================================================================
T/V                N    NB     P     Q               Time                 Gflops
--------------------------------------------------------------------------------
WR13L2L8       50000   192     4     6             200.57              4.155e+02
HPL_pdgesv() start time Fri Jul  5 13:27:43 2019

HPL_pdgesv() end time   Fri Jul  5 13:31:03 2019

--------------------------------------------------------------------------------
||Ax-b||_oo/(eps*(||A||_oo*||x||_oo+||b||_oo)*N)=        0.0014654 ...... PASSED
================================================================================
T/V                N    NB     P     Q               Time                 Gflops
--------------------------------------------------------------------------------
WR13L2C4       50000   192     4     6             204.86              4.068e+02
HPL_pdgesv() start time Fri Jul  5 13:31:20 2019

HPL_pdgesv() end time   Fri Jul  5 13:34:45 2019

--------------------------------------------------------------------------------
||Ax-b||_oo/(eps*(||A||_oo*||x||_oo+||b||_oo)*N)=        0.0014498 ...... PASSED
================================================================================
T/V                N    NB     P     Q               Time                 Gflops
--------------------------------------------------------------------------------
WR13L2C8       50000   192     4     6             204.55              4.074e+02
HPL_pdgesv() start time Fri Jul  5 13:35:02 2019

HPL_pdgesv() end time   Fri Jul  5 13:38:27 2019

--------------------------------------------------------------------------------
||Ax-b||_oo/(eps*(||A||_oo*||x||_oo+||b||_oo)*N)=        0.0014533 ...... PASSED
================================================================================
T/V                N    NB     P     Q               Time                 Gflops
--------------------------------------------------------------------------------
WR13L2R4       50000   192     4     6             196.65              4.238e+02
HPL_pdgesv() start time Fri Jul  5 13:38:43 2019

HPL_pdgesv() end time   Fri Jul  5 13:42:00 2019

--------------------------------------------------------------------------------
||Ax-b||_oo/(eps*(||A||_oo*||x||_oo+||b||_oo)*N)=        0.0013060 ...... PASSED
================================================================================
T/V                N    NB     P     Q               Time                 Gflops
--------------------------------------------------------------------------------
WR13L2R8       50000   192     4     6             201.40              4.138e+02
HPL_pdgesv() start time Fri Jul  5 13:42:16 2019

HPL_pdgesv() end time   Fri Jul  5 13:45:38 2019

--------------------------------------------------------------------------------
||Ax-b||_oo/(eps*(||A||_oo*||x||_oo+||b||_oo)*N)=        0.0014060 ...... PASSED
================================================================================
T/V                N    NB     P     Q               Time                 Gflops
--------------------------------------------------------------------------------
WR13C2L4       50000   192     4     6             200.68              4.153e+02
HPL_pdgesv() start time Fri Jul  5 13:45:55 2019

HPL_pdgesv() end time   Fri Jul  5 13:49:15 2019

--------------------------------------------------------------------------------
||Ax-b||_oo/(eps*(||A||_oo*||x||_oo+||b||_oo)*N)=        0.0014498 ...... PASSED
================================================================================
T/V                N    NB     P     Q               Time                 Gflops
--------------------------------------------------------------------------------
WR13C2L8       50000   192     4     6             203.17              4.102e+02
HPL_pdgesv() start time Fri Jul  5 13:49:32 2019

HPL_pdgesv() end time   Fri Jul  5 13:52:55 2019

--------------------------------------------------------------------------------
||Ax-b||_oo/(eps*(||A||_oo*||x||_oo+||b||_oo)*N)=        0.0014654 ...... PASSED
================================================================================
T/V                N    NB     P     Q               Time                 Gflops
--------------------------------------------------------------------------------
WR13C2C4       50000   192     4     6             200.89              4.148e+02
HPL_pdgesv() start time Fri Jul  5 13:53:12 2019

HPL_pdgesv() end time   Fri Jul  5 13:56:33 2019

--------------------------------------------------------------------------------
||Ax-b||_oo/(eps*(||A||_oo*||x||_oo+||b||_oo)*N)=        0.0014498 ...... PASSED
================================================================================
T/V                N    NB     P     Q               Time                 Gflops
--------------------------------------------------------------------------------
WR13C2C8       50000   192     4     6             203.47              4.096e+02
HPL_pdgesv() start time Fri Jul  5 13:56:50 2019

HPL_pdgesv() end time   Fri Jul  5 14:00:13 2019

--------------------------------------------------------------------------------
||Ax-b||_oo/(eps*(||A||_oo*||x||_oo+||b||_oo)*N)=        0.0014533 ...... PASSED
================================================================================
T/V                N    NB     P     Q               Time                 Gflops
--------------------------------------------------------------------------------
WR13C2R4       50000   192     4     6             200.74              4.152e+02
HPL_pdgesv() start time Fri Jul  5 14:00:30 2019

HPL_pdgesv() end time   Fri Jul  5 14:03:51 2019

--------------------------------------------------------------------------------
||Ax-b||_oo/(eps*(||A||_oo*||x||_oo+||b||_oo)*N)=        0.0013060 ...... PASSED
================================================================================
T/V                N    NB     P     Q               Time                 Gflops
--------------------------------------------------------------------------------
WR13C2R8       50000   192     4     6             204.62              4.073e+02
HPL_pdgesv() start time Fri Jul  5 14:04:07 2019

HPL_pdgesv() end time   Fri Jul  5 14:07:32 2019

--------------------------------------------------------------------------------
||Ax-b||_oo/(eps*(||A||_oo*||x||_oo+||b||_oo)*N)=        0.0014060 ...... PASSED
================================================================================
T/V                N    NB     P     Q               Time                 Gflops
--------------------------------------------------------------------------------
WR13R2L4       50000   192     4     6             201.53              4.135e+02
HPL_pdgesv() start time Fri Jul  5 14:07:50 2019

HPL_pdgesv() end time   Fri Jul  5 14:11:11 2019

--------------------------------------------------------------------------------
||Ax-b||_oo/(eps*(||A||_oo*||x||_oo+||b||_oo)*N)=        0.0014498 ...... PASSED
================================================================================
T/V                N    NB     P     Q               Time                 Gflops
--------------------------------------------------------------------------------
WR13R2L8       50000   192     4     6             197.66              4.216e+02
HPL_pdgesv() start time Fri Jul  5 14:11:28 2019

HPL_pdgesv() end time   Fri Jul  5 14:14:45 2019

--------------------------------------------------------------------------------
||Ax-b||_oo/(eps*(||A||_oo*||x||_oo+||b||_oo)*N)=        0.0014654 ...... PASSED
================================================================================
T/V                N    NB     P     Q               Time                 Gflops
--------------------------------------------------------------------------------
WR13R2C4       50000   192     4     6             205.43              4.057e+02
HPL_pdgesv() start time Fri Jul  5 14:15:02 2019

HPL_pdgesv() end time   Fri Jul  5 14:18:28 2019

--------------------------------------------------------------------------------
||Ax-b||_oo/(eps*(||A||_oo*||x||_oo+||b||_oo)*N)=        0.0014498 ...... PASSED
================================================================================
T/V                N    NB     P     Q               Time                 Gflops
--------------------------------------------------------------------------------
WR13R2C8       50000   192     4     6             204.19              4.081e+02
HPL_pdgesv() start time Fri Jul  5 14:18:45 2019

HPL_pdgesv() end time   Fri Jul  5 14:22:09 2019

--------------------------------------------------------------------------------
||Ax-b||_oo/(eps*(||A||_oo*||x||_oo+||b||_oo)*N)=        0.0014533 ...... PASSED
================================================================================
T/V                N    NB     P     Q               Time                 Gflops
--------------------------------------------------------------------------------
WR13R2R4       50000   192     4     6             206.98              4.026e+02
HPL_pdgesv() start time Fri Jul  5 14:22:25 2019

HPL_pdgesv() end time   Fri Jul  5 14:25:52 2019

--------------------------------------------------------------------------------
||Ax-b||_oo/(eps*(||A||_oo*||x||_oo+||b||_oo)*N)=        0.0013060 ...... PASSED
================================================================================
T/V                N    NB     P     Q               Time                 Gflops
--------------------------------------------------------------------------------
WR13R2R8       50000   192     4     6             201.90              4.128e+02
HPL_pdgesv() start time Fri Jul  5 14:26:09 2019

HPL_pdgesv() end time   Fri Jul  5 14:29:31 2019

--------------------------------------------------------------------------------
||Ax-b||_oo/(eps*(||A||_oo*||x||_oo+||b||_oo)*N)=        0.0014060 ...... PASSED
================================================================================
T/V                N    NB     P     Q               Time                 Gflops
--------------------------------------------------------------------------------
WR01L2L4       60000   192     4     6             340.17              4.233e+02
HPL_pdgesv() start time Fri Jul  5 14:29:51 2019

HPL_pdgesv() end time   Fri Jul  5 14:35:31 2019

--------------------------------------------------------------------------------
||Ax-b||_oo/(eps*(||A||_oo*||x||_oo+||b||_oo)*N)=        0.0016206 ...... PASSED
================================================================================
T/V                N    NB     P     Q               Time                 Gflops
--------------------------------------------------------------------------------
WR01L2L8       60000   192     4     6             344.52              4.180e+02
HPL_pdgesv() start time Fri Jul  5 14:35:56 2019

HPL_pdgesv() end time   Fri Jul  5 14:41:41 2019

--------------------------------------------------------------------------------
||Ax-b||_oo/(eps*(||A||_oo*||x||_oo+||b||_oo)*N)=        0.0014675 ...... PASSED
================================================================================
T/V                N    NB     P     Q               Time                 Gflops
--------------------------------------------------------------------------------
WR01L2C4       60000   192     4     6             339.40              4.243e+02
HPL_pdgesv() start time Fri Jul  5 14:42:04 2019

HPL_pdgesv() end time   Fri Jul  5 14:47:44 2019

--------------------------------------------------------------------------------
||Ax-b||_oo/(eps*(||A||_oo*||x||_oo+||b||_oo)*N)=        0.0016206 ...... PASSED
================================================================================
T/V                N    NB     P     Q               Time                 Gflops
--------------------------------------------------------------------------------
WR01L2C8       60000   192     4     6             340.39              4.231e+02
HPL_pdgesv() start time Fri Jul  5 14:48:08 2019

HPL_pdgesv() end time   Fri Jul  5 14:53:49 2019

--------------------------------------------------------------------------------
||Ax-b||_oo/(eps*(||A||_oo*||x||_oo+||b||_oo)*N)=        0.0015828 ...... PASSED
================================================================================
T/V                N    NB     P     Q               Time                 Gflops
--------------------------------------------------------------------------------
WR01L2R4       60000   192     4     6             343.60              4.191e+02
HPL_pdgesv() start time Fri Jul  5 14:54:14 2019

HPL_pdgesv() end time   Fri Jul  5 14:59:57 2019

--------------------------------------------------------------------------------
||Ax-b||_oo/(eps*(||A||_oo*||x||_oo+||b||_oo)*N)=        0.0013959 ...... PASSED
================================================================================
T/V                N    NB     P     Q               Time                 Gflops
--------------------------------------------------------------------------------
WR01L2R8       60000   192     4     6             342.75              4.202e+02
HPL_pdgesv() start time Fri Jul  5 15:00:23 2019

HPL_pdgesv() end time   Fri Jul  5 15:06:06 2019

--------------------------------------------------------------------------------
||Ax-b||_oo/(eps*(||A||_oo*||x||_oo+||b||_oo)*N)=        0.0015346 ...... PASSED
================================================================================
T/V                N    NB     P     Q               Time                 Gflops
--------------------------------------------------------------------------------
WR01C2L4       60000   192     4     6             342.85              4.200e+02
HPL_pdgesv() start time Fri Jul  5 15:06:29 2019

HPL_pdgesv() end time   Fri Jul  5 15:12:12 2019

--------------------------------------------------------------------------------
||Ax-b||_oo/(eps*(||A||_oo*||x||_oo+||b||_oo)*N)=        0.0016206 ...... PASSED
================================================================================
T/V                N    NB     P     Q               Time                 Gflops
--------------------------------------------------------------------------------
WR01C2L8       60000   192     4     6             344.11              4.185e+02
HPL_pdgesv() start time Fri Jul  5 15:12:37 2019

HPL_pdgesv() end time   Fri Jul  5 15:18:21 2019

--------------------------------------------------------------------------------
||Ax-b||_oo/(eps*(||A||_oo*||x||_oo+||b||_oo)*N)=        0.0014675 ...... PASSED
================================================================================
T/V                N    NB     P     Q               Time                 Gflops
--------------------------------------------------------------------------------
WR01C2C4       60000   192     4     6             339.39              4.243e+02
HPL_pdgesv() start time Fri Jul  5 15:18:45 2019

HPL_pdgesv() end time   Fri Jul  5 15:24:24 2019

--------------------------------------------------------------------------------
||Ax-b||_oo/(eps*(||A||_oo*||x||_oo+||b||_oo)*N)=        0.0016206 ...... PASSED
================================================================================
T/V                N    NB     P     Q               Time                 Gflops
--------------------------------------------------------------------------------
WR01C2C8       60000   192     4     6             337.03              4.273e+02
HPL_pdgesv() start time Fri Jul  5 15:24:48 2019

HPL_pdgesv() end time   Fri Jul  5 15:30:25 2019

--------------------------------------------------------------------------------
||Ax-b||_oo/(eps*(||A||_oo*||x||_oo+||b||_oo)*N)=        0.0015828 ...... PASSED
================================================================================
T/V                N    NB     P     Q               Time                 Gflops
--------------------------------------------------------------------------------
WR01C2R4       60000   192     4     6             336.96              4.274e+02
HPL_pdgesv() start time Fri Jul  5 15:30:48 2019

HPL_pdgesv() end time   Fri Jul  5 15:36:25 2019

--------------------------------------------------------------------------------
||Ax-b||_oo/(eps*(||A||_oo*||x||_oo+||b||_oo)*N)=        0.0013959 ...... PASSED
================================================================================
T/V                N    NB     P     Q               Time                 Gflops
--------------------------------------------------------------------------------
WR01C2R8       60000   192     4     6             336.33              4.282e+02
HPL_pdgesv() start time Fri Jul  5 15:36:50 2019

HPL_pdgesv() end time   Fri Jul  5 15:42:27 2019

--------------------------------------------------------------------------------
||Ax-b||_oo/(eps*(||A||_oo*||x||_oo+||b||_oo)*N)=        0.0015346 ...... PASSED
================================================================================
T/V                N    NB     P     Q               Time                 Gflops
--------------------------------------------------------------------------------
WR01R2L4       60000   192     4     6             338.50              4.254e+02
HPL_pdgesv() start time Fri Jul  5 15:42:50 2019

HPL_pdgesv() end time   Fri Jul  5 15:48:29 2019

--------------------------------------------------------------------------------
||Ax-b||_oo/(eps*(||A||_oo*||x||_oo+||b||_oo)*N)=        0.0016206 ...... PASSED
================================================================================
T/V                N    NB     P     Q               Time                 Gflops
--------------------------------------------------------------------------------
WR01R2L8       60000   192     4     6             334.55              4.304e+02
HPL_pdgesv() start time Fri Jul  5 15:48:53 2019

HPL_pdgesv() end time   Fri Jul  5 15:54:28 2019

--------------------------------------------------------------------------------
||Ax-b||_oo/(eps*(||A||_oo*||x||_oo+||b||_oo)*N)=        0.0014675 ...... PASSED
================================================================================
T/V                N    NB     P     Q               Time                 Gflops
--------------------------------------------------------------------------------
WR01R2C4       60000   192     4     6             336.46              4.280e+02
HPL_pdgesv() start time Fri Jul  5 15:54:52 2019

HPL_pdgesv() end time   Fri Jul  5 16:00:28 2019

--------------------------------------------------------------------------------
||Ax-b||_oo/(eps*(||A||_oo*||x||_oo+||b||_oo)*N)=        0.0016206 ...... PASSED
================================================================================
T/V                N    NB     P     Q               Time                 Gflops
--------------------------------------------------------------------------------
WR01R2C8       60000   192     4     6             338.53              4.254e+02
HPL_pdgesv() start time Fri Jul  5 16:00:51 2019

HPL_pdgesv() end time   Fri Jul  5 16:06:30 2019

--------------------------------------------------------------------------------
||Ax-b||_oo/(eps*(||A||_oo*||x||_oo+||b||_oo)*N)=        0.0015828 ...... PASSED
